timestamp: 2014-08-31T00:14:10.298000
CREATE TABLE auth_user(
    id INTEGER PRIMARY KEY AUTOINCREMENT,
    first_name CHAR(128),
    last_name CHAR(128),
    email CHAR(512),
    password CHAR(512),
    registration_key CHAR(512),
    reset_password_key CHAR(512),
    registration_id CHAR(512)
);
success!
timestamp: 2014-08-31T00:14:10.367000
CREATE TABLE auth_group(
    id INTEGER PRIMARY KEY AUTOINCREMENT,
    role CHAR(512),
    description TEXT
);
success!
timestamp: 2014-08-31T00:14:10.421000
CREATE TABLE auth_membership(
    id INTEGER PRIMARY KEY AUTOINCREMENT,
    user_id INTEGER REFERENCES auth_user (id) ON DELETE CASCADE,
    group_id INTEGER REFERENCES auth_group (id) ON DELETE CASCADE
);
success!
timestamp: 2014-08-31T00:14:10.466000
CREATE TABLE auth_permission(
    id INTEGER PRIMARY KEY AUTOINCREMENT,
    group_id INTEGER REFERENCES auth_group (id) ON DELETE CASCADE,
    name CHAR(512),
    table_name CHAR(512),
    record_id INTEGER
);
success!
timestamp: 2014-08-31T00:14:10.527000
CREATE TABLE auth_event(
    id INTEGER PRIMARY KEY AUTOINCREMENT,
    time_stamp TIMESTAMP,
    client_ip CHAR(512),
    user_id INTEGER REFERENCES auth_user (id) ON DELETE CASCADE,
    origin CHAR(512),
    description TEXT
);
success!
timestamp: 2014-08-31T00:14:10.599000
CREATE TABLE auth_cas(
    id INTEGER PRIMARY KEY AUTOINCREMENT,
    user_id INTEGER REFERENCES auth_user (id) ON DELETE CASCADE,
    created_on TIMESTAMP,
    service CHAR(512),
    ticket CHAR(512),
    renew CHAR(1)
);
success!
timestamp: 2014-08-31T00:14:10.671000
CREATE TABLE researchers(
    id INTEGER PRIMARY KEY AUTOINCREMENT,
    name CHAR(40),
    email CHAR(64),
    lattes CHAR(64)
);
success!
timestamp: 2014-08-31T00:16:05.838000
CREATE TABLE articles(
    id INTEGER PRIMARY KEY AUTOINCREMENT,
    title CHAR(40),
    publication_date CHAR(64)
);
success!
timestamp: 2014-08-31T00:16:05.882000
CREATE TABLE publication(
    id INTEGER PRIMARY KEY AUTOINCREMENT,
    id_author INTEGER REFERENCES researchers (id) ON DELETE CASCADE,
    id_article INTEGER REFERENCES articles (id) ON DELETE CASCADE
);
success!
