[2013-03-16 09:26:46] START
[2013-03-16 09:26:46] EDIT welcome/controllers/default.py: 2
[2014-08-30 23:59:21] CREATE sqlalchemy.py: 0
[2014-08-30 23:59:51] EDIT comgra/modules/sqlalchemy.py: 91
[2014-08-31 00:01:27] CREATE entidades.py: 0
[2014-08-31 00:01:41] CREATE entities.py: 0
[2014-08-31 00:02:53] EDIT comgra/models/entities.py: 15
[2014-08-31 00:04:41] EDIT comgra/models/entities.py: -1
[2014-08-31 00:12:30] EDIT comgra/models/entities.py: 4
[2014-08-31 00:15:18] EDIT comgra/models/entities.py: 0
[2014-08-31 00:16:00] EDIT comgra/models/entities.py: 0
[2014-08-31 00:19:20] EDIT comgra/controllers/default.py: 0
[2014-08-31 00:20:10] EDIT comgra/views/default/index.html: 0
[2014-08-31 00:22:30] EDIT comgra/views/default/index.html: 1
[2014-08-31 00:22:38] EDIT comgra/views/default/index.html: -1
[2014-08-31 00:23:32] EDIT comgra/views/default/index.html: -1
[2014-08-31 00:23:41] EDIT comgra/views/default/index.html: -1
[2014-08-31 00:24:12] EDIT comgra/views/default/index.html: 0
[2014-08-31 00:24:47] EDIT comgra/views/default/index.html: 0
[2014-08-31 00:26:11] EDIT comgra/views/default/index.html: -12
[2014-08-31 00:26:27] EDIT comgra/views/default/index.html: -1
[2014-08-31 00:26:38] EDIT comgra/views/default/index.html: -5
[2014-08-31 00:30:01] EDIT comgra/views/default/index.html: 3
[2014-08-31 00:30:45] EDIT comgra/views/default/index.html: 15
[2014-08-31 00:31:40] EDIT comgra/views/default/index.html: -12
[2014-08-31 00:32:17] EDIT comgra/views/default/index.html: -7
[2014-08-31 00:32:52] EDIT comgra/controllers/default.py: 0
[2014-08-31 00:37:49] EDIT comgra/views/layout.html: -1
[2014-08-31 00:39:31] EDIT comgra/views/layout.html: -1
[2014-08-31 00:40:31] EDIT comgra/views/layout.html: -5
[2014-08-31 00:40:42] EDIT comgra/views/layout.html: 5
[2014-08-31 00:41:04] EDIT comgra/views/layout.html: -3
[2014-08-31 00:41:33] EDIT comgra/views/layout.html: -3
[2014-08-31 00:42:20] EDIT comgra/views/default/index.html: 3
[2014-08-31 00:43:40] EDIT comgra/controllers/default.py: 0
[2014-08-31 00:44:10] EDIT comgra/controllers/default.py: -1
[2014-08-31 00:44:27] EDIT comgra/controllers/default.py: 0
